<?xml version="1.0" encoding="UTF-8"?>
<!-- Generated by org.testng.reporters.JUnitReportReporter -->
<testsuite hostname="DESKTOP-BLMAGRG" failures="0" tests="1" name="com.saucedemo.testcases.AddToCartTest" time="9.192" errors="0" timestamp="2024-11-11T17:07:14 EET" skipped="0">
  <testcase classname="com.saucedemo.testcases.AddToCartTest" name="ShouldBeAbleToAddToCart" time="9.192"/>
</testsuite> <!-- com.saucedemo.testcases.AddToCartTest -->
